117460183,7830679,1582136100000.0
117460191,7830680,1582203600000.0
117460424,7830695,1582195500000.0
117460449,7830697,1582129800000.0
117460595,7830707,1582146900000.0
117460645,7830710,1582165800000.0
117460726,7830716,1582146900000.0
117460767,7830718,1582163100000.0
117460818,7830722,1582151400000.0
117460830,7830722,1582129800000.0
117460942,7830730,1582133400000.0
117461211,7830748,1582175700000.0
117461279,7830752,1582200900000.0
117461333,7830756,1582143300000.0
117461429,7830762,1582167600000.0
117461706,7830781,1582153200000.0
117461882,7830793,1582210800000.0
117462031,7830803,1582187400000.0
117462077,7830806,1582144200000.0
117462241,7830817,1582135200000.0
117312118,7820808,1582161300000.0
117312128,7820809,1582213500000.0
117312129,7820809,1582180200000.0
117312135,7820809,1582154100000.0
117312166,7820812,1582141500000.0
117312179,7820812,1582188300000.0
117312224,7820815,1582173000000.0
117312311,7820821,1582203600000.0
117312329,7820822,1582201800000.0
117312423,7820829,1582172100000.0
117312584,7820839,1582148700000.0
117312605,7820841,1582173900000.0
117312640,7820843,1582150500000.0
117312664,7820845,1582155900000.0
117312689,7820846,1582132500000.0
117312707,7820848,1582191000000.0
117312738,7820850,1582133400000.0
117312744,7820850,1582185600000.0
117313084,7820873,1582171200000.0
117313132,7820876,1582171200000.0
117445123,7829675,1582147800000.0
117445215,7829681,1582191000000.0
117445261,7829685,1582182900000.0
117445520,7829702,1582137000000.0
117445848,7829724,1582170300000.0
117445921,7829729,1582180200000.0
117445934,7829729,1582196400000.0
117446083,7829739,1582148700000.0
117446141,7829743,1582129800000.0
117446253,7829751,1582182000000.0
117446261,7829751,1582169400000.0
117446377,7829759,1582184700000.0
117446419,7829762,1582198200000.0
117446586,7829773,1582154100000.0
117446664,7829778,1582130700000.0
117446699,7829780,1582140600000.0
117446714,7829781,1582210800000.0
117446729,7829782,1582206300000.0
117446792,7829787,1582205400000.0
117446828,7829789,1582158600000.0
117313142,7820877,1582188300000.0
117313152,7820877,1582207200000.0
117313203,7820881,1582173900000.0
117313310,7820888,1582128000000.0
117313413,7820895,1582154100000.0
117313426,7820896,1582169400000.0
117313524,7820902,1582185600000.0
117313560,7820904,1582176600000.0
117313597,7820907,1582188300000.0
117313632,7820909,1582162200000.0
117313752,7820917,1582205400000.0
117313767,7820918,1582174800000.0
117313792,7820920,1582160400000.0
117313818,7820922,1582137000000.0
117313842,7820923,1582191000000.0
117313944,7820930,1582159500000.0
117313982,7820933,1582192800000.0
117314049,7820937,1582134300000.0
117314153,7820944,1582137900000.0
117314159,7820944,1582205400000.0
117314299,7820954,1582176600000.0
117314371,7820959,1582133400000.0
117314386,7820960,1582168500000.0
117314460,7820964,1582183800000.0
117314472,7820965,1582160400000.0
117314660,7820978,1582135200000.0
117314661,7820978,1582148700000.0
117314714,7820981,1582171200000.0
117314738,7820983,1582202700000.0
117314769,7820985,1582157700000.0
117314833,7820989,1582205400000.0
117314913,7820995,1582145100000.0
117314989,7821000,1582184700000.0
117314990,7821000,1582191900000.0
117310234,7820683,1582128900000.0
117310271,7820685,1582179300000.0
117310454,7820697,1582150500000.0
117310502,7820701,1582158600000.0
117310860,7820724,1582133400000.0
117310910,7820728,1582144200000.0
117311352,7820757,1582174800000.0
117311757,7820784,1582188300000.0
117311861,7820791,1582180200000.0
117312124,7820809,1582158600000.0
117312872,7820859,1582204500000.0
117312914,7820861,1582136100000.0
117312941,7820863,1582128000000.0
117313062,7820871,1582155900000.0
117313266,7820885,1582182900000.0
117313650,7820910,1582146000000.0
117314236,7820950,1582212600000.0
117314533,7820969,1582140600000.0
117314558,7820971,1582148700000.0
117314745,7820983,1582198200000.0
117314778,7820986,1582182900000.0
117310011,7820668,1582168500000.0
117310196,7820680,1582154100000.0
117310458,7820698,1582147800000.0
117310549,7820704,1582129800000.0
117310677,7820712,1582194600000.0
117310797,7820720,1582151400000.0
117311121,7820742,1582209900000.0
117311480,7820766,1582182000000.0
117311645,7820777,1582180200000.0
117311985,7820799,1582130700000.0
117312602,7820841,1582197300000.0
117312659,7820844,1582154100000.0
117312929,7820862,1582160400000.0
117313331,7820889,1582160400000.0
117313838,7820923,1582151400000.0
117314029,7820936,1582169400000.0
117314320,7820955,1582177500000.0
117314580,7820972,1582137000000.0
117310033,7820669,1582195500000.0
117310076,7820672,1582128900000.0
117310255,7820684,1582186500000.0
117310645,7820710,1582133400000.0
117310840,7820723,1582184700000.0
117311032,7820736,1582159500000.0
117311849,7820790,1582201800000.0
117311880,7820792,1582208100000.0
117312320,7820822,1582166700000.0
117312603,7820841,1582162200000.0
117312836,7820856,1582152300000.0
117313015,7820868,1582160400000.0
117313493,7820900,1582211700000.0
117313850,7820924,1582164000000.0
117314064,7820938,1582138800000.0
117314128,7820942,1582148700000.0
117314148,7820944,1582184700000.0
117314262,7820951,1582190100000.0
117314265,7820951,1582191900000.0
117314429,7820962,1582209000000.0
117314538,7820970,1582164000000.0
117314585,7820973,1582191000000.0
117314795,7820987,1582164000000.0
117310113,7820675,1582163100000.0
117310268,7820685,1582195500000.0
117310339,7820690,1582190100000.0
117310702,7820714,1582187400000.0
117310869,7820725,1582208100000.0
117311029,7820736,1582153200000.0
117311138,7820743,1582145100000.0
117311185,7820746,1582138800000.0
117311201,7820747,1582200900000.0
117311277,7820752,1582181100000.0
117311339,7820756,1582211700000.0
117311723,7820782,1582191000000.0
117311786,7820786,1582131600000.0
117311896,7820794,1582135200000.0
117312265,7820818,1582164900000.0
117312360,7820824,1582179300000.0
117312797,7820854,1582162200000.0
117312943,7820863,1582144200000.0
117313106,7820874,1582213500000.0
117313201,7820881,1582153200000.0
117313323,7820889,1582160400000.0
117313382,7820893,1582176600000.0
117313386,7820893,1582191900000.0
117313602,7820907,1582192800000.0
117313677,7820912,1582161300000.0
117314334,7820956,1582150500000.0
117314400,7820960,1582204500000.0
117314458,7820964,1582181100000.0
117314519,7820968,1582172100000.0
117314670,7820978,1582181100000.0
117314824,7820989,1582205400000.0
117314941,7820997,1582128900000.0
117310088,7820673,1582174800000.0
117310144,7820677,1582145100000.0
117310189,7820680,1582212600000.0
117310272,7820685,1582133400000.0
117310616,7820708,1582190100000.0
117310650,7820710,1582136100000.0
117310673,7820712,1582134300000.0
117310715,7820715,1582195500000.0
117310766,7820718,1582189200000.0
117310847,7820724,1582143300000.0
117310917,7820728,1582129800000.0
117310941,7820730,1582200000000.0
117311254,7820751,1582142400000.0
117311451,7820764,1582159500000.0
117311523,7820769,1582128000000.0
117311630,7820776,1582148700000.0
117311785,7820786,1582146900000.0
117311893,7820793,1582193700000.0
117311905,7820794,1582140600000.0
117312017,7820802,1582173000000.0
117312041,7820803,1582188300000.0
117312088,7820806,1582176600000.0
117312097,7820807,1582200000000.0
117312256,7820818,1582209900000.0
117312389,7820826,1582136100000.0
117312427,7820829,1582145100000.0
117312445,7820830,1582190100000.0
117312464,7820831,1582199100000.0
117312523,7820835,1582177500000.0
117312671,7820845,1582174800000.0
117313137,7820876,1582180200000.0
117313228,7820882,1582189200000.0
117313431,7820896,1582152300000.0
117313523,7820902,1582182900000.0
117313525,7820902,1582202700000.0
117313576,7820906,1582181100000.0
117313794,7820920,1582191900000.0
117313866,7820925,1582180200000.0
117314056,7820938,1582167600000.0
117314106,7820941,1582152300000.0
117314188,7820946,1582178400000.0
117314237,7820950,1582150500000.0
117314531,7820969,1582150500000.0
117314554,7820971,1582158600000.0
117314607,7820974,1582182000000.0
117314654,7820977,1582157700000.0
117314883,7820993,1582191900000.0
117314892,7820993,1582145100000.0
117314922,7820995,1582196400000.0
117310204,7820681,1582149600000.0
117310487,7820700,1582161300000.0
117310497,7820700,1582190100000.0
117310569,7820705,1582144200000.0
117310644,7820710,1582143300000.0
117310712,7820715,1582195500000.0
117310723,7820715,1582193700000.0
117310733,7820716,1582164900000.0
117310854,7820724,1582164900000.0
117310912,7820728,1582173900000.0
117310913,7820728,1582188300000.0
117311001,7820734,1582154100000.0
117311041,7820737,1582169400000.0
117311071,7820739,1582177500000.0
117311177,7820746,1582136100000.0
117311193,7820747,1582176600000.0
117311342,7820757,1582175700000.0
117311463,7820765,1582181100000.0
117311871,7820792,1582138800000.0
117311945,7820797,1582141500000.0
117312105,7820807,1582195500000.0
117312496,7820834,1582128900000.0
117313450,7820897,1582209900000.0
117313534,7820903,1582213500000.0
117313545,7820903,1582183800000.0
117313921,7820929,1582209000000.0
117314066,7820938,1582198200000.0
117314269,7820952,1582154100000.0
117314644,7820977,1582178400000.0
117314784,7820986,1582203600000.0
117314947,7820997,1582178400000.0
117314962,7820998,1582143300000.0
117310408,7820694,1582187400000.0
117310448,7820697,1582169400000.0
117310522,7820702,1582152300000.0
117310695,7820713,1582184700000.0
117310747,7820717,1582200900000.0
117311332,7820756,1582134300000.0
117311375,7820759,1582155000000.0
117311397,7820760,1582136100000.0
117312678,7820846,1582155000000.0
117313344,7820890,1582162200000.0
117313374,7820892,1582132500000.0
117313620,7820908,1582134300000.0
117313753,7820917,1582167600000.0
117314097,7820940,1582159500000.0
117314498,7820967,1582135200000.0
117314836,7820990,1582128000000.0
117310034,7820669,1582172100000.0
117310193,7820680,1582161300000.0
117310248,7820684,1582180200000.0
117310263,7820685,1582167600000.0
117310335,7820689,1582173900000.0
117310399,7820694,1582140600000.0
117310576,7820706,1582136100000.0
117310624,7820709,1582197300000.0
117310718,7820715,1582199100000.0
117310783,7820719,1582189200000.0
117310789,7820720,1582172100000.0
117310980,7820732,1582173900000.0
117311258,7820751,1582191900000.0
117311390,7820760,1582148700000.0
117311510,7820768,1582163100000.0
117311750,7820784,1582192800000.0
117311942,7820797,1582165800000.0
117312077,7820806,1582171200000.0
117312185,7820813,1582197300000.0
117312211,7820815,1582192800000.0
117312266,7820818,1582162200000.0
117312284,7820819,1582162200000.0
117312451,7820831,1582144200000.0
117312483,7820833,1582166700000.0
117312503,7820834,1582130700000.0
117312642,7820843,1582150500000.0
117312759,7820851,1582191900000.0
117312812,7820855,1582182900000.0
117313002,7820867,1582194600000.0
117313005,7820867,1582185600000.0
117313170,7820878,1582207200000.0
117313327,7820889,1582138800000.0
117313492,7820900,1582179300000.0
117313611,7820908,1582147800000.0
117313700,7820914,1582205400000.0
117313759,7820918,1582199100000.0
117313780,7820919,1582194600000.0
117313803,7820921,1582175700000.0
117313904,7820927,1582164000000.0
117313994,7820933,1582154100000.0
117314004,7820934,1582132500000.0
117314070,7820938,1582201800000.0
117314197,7820947,1582148700000.0
117314502,7820967,1582211700000.0
117314525,7820969,1582184700000.0
117314526,7820969,1582149600000.0
117314529,7820969,1582171200000.0
117314542,7820970,1582150500000.0
117314621,7820975,1582159500000.0
117314651,7820977,1582168500000.0
117314721,7820982,1582160400000.0
117314735,7820983,1582136100000.0
117314815,7820988,1582141500000.0
117310194,7820680,1582179300000.0
117310221,7820682,1582155000000.0
117310542,7820703,1582179300000.0
117311046,7820737,1582133400000.0
117311525,7820769,1582173900000.0
117311960,7820798,1582207200000.0
117312709,7820848,1582178400000.0
117313208,7820881,1582209000000.0
117313651,7820911,1582145100000.0
117314622,7820975,1582153200000.0
117314719,7820982,1582155000000.0
117310175,7820679,1582134300000.0
117310231,7820683,1582128000000.0
117310688,7820713,1582172100000.0
117310896,7820727,1582178400000.0
117311118,7820742,1582210800000.0
117311314,7820755,1582185600000.0
117311319,7820755,1582143300000.0
117311801,7820787,1582164000000.0
117311846,7820790,1582183800000.0
117311962,7820798,1582128900000.0
117312193,7820813,1582138800000.0
117312310,7820821,1582197300000.0
117312333,7820823,1582128900000.0
117312414,7820828,1582173000000.0
117312959,7820864,1582170300000.0
117313119,7820875,1582199100000.0
117313320,7820888,1582191000000.0
117313359,7820891,1582128000000.0
117313935,7820929,1582180200000.0
117313945,7820930,1582184700000.0
117314152,7820944,1582200000000.0
117314274,7820952,1582209000000.0
117314471,7820965,1582189200000.0
117314504,7820967,1582164900000.0
117314556,7820971,1582152300000.0
117314614,7820975,1582147800000.0
117314818,7820988,1582189200000.0
117310294,7820687,1582212600000.0
117310625,7820709,1582209000000.0
117311429,7820762,1582164000000.0
117311839,7820790,1582200000000.0
117311924,7820795,1582135200000.0
117311938,7820796,1582151400000.0
117312059,7820804,1582194600000.0
117312599,7820840,1582196400000.0
117312857,7820858,1582164900000.0
117313080,7820872,1582152300000.0
117313383,7820893,1582135200000.0
117313387,7820893,1582167600000.0
117314253,7820951,1582209000000.0
117314388,7820960,1582165800000.0
117314687,7820980,1582206300000.0
117314743,7820983,1582135200000.0
117314806,7820988,1582183800000.0
117314923,7820995,1582164000000.0
117310081,7820673,1582193700000.0
117310235,7820683,1582131600000.0
117310246,7820684,1582173900000.0
117310314,7820688,1582179300000.0
117310366,7820692,1582182000000.0
117310417,7820695,1582193700000.0
117310446,7820697,1582147800000.0
117310452,7820697,1582157700000.0
117310513,7820701,1582167600000.0
117310514,7820701,1582164900000.0
117310578,7820706,1582141500000.0
117310680,7820712,1582137900000.0
117310805,7820721,1582205400000.0
117310904,7820727,1582146000000.0
117311000,7820734,1582186500000.0
117311066,7820738,1582155900000.0
117311078,7820739,1582170300000.0
117311089,7820740,1582191000000.0
117311178,7820746,1582179300000.0
117311422,7820762,1582177500000.0
117311520,7820768,1582177500000.0
117311579,7820772,1582129800000.0
117311616,7820775,1582136100000.0
117311664,7820778,1582128000000.0
117311787,7820786,1582172100000.0
117311830,7820789,1582199100000.0
117312217,7820815,1582130700000.0
117312295,7820820,1582181100000.0
117312381,7820826,1582131600000.0
117312535,7820836,1582184700000.0
117312625,7820842,1582203600000.0
117312751,7820851,1582170300000.0
117312764,7820851,1582140600000.0
117312819,7820855,1582142400000.0
117313081,7820873,1582140600000.0
117313128,7820876,1582212600000.0
117313249,7820884,1582199100000.0
117313399,7820894,1582157700000.0
117313428,7820896,1582137900000.0
117313433,7820896,1582183800000.0
117313592,7820907,1582131600000.0
117313744,7820917,1582145100000.0
117313886,7820926,1582207200000.0
117313900,7820927,1582175700000.0
117313901,7820927,1582146900000.0
117313934,7820929,1582167600000.0
117314021,7820935,1582209900000.0
117314059,7820938,1582172100000.0
117314142,7820943,1582183800000.0
117314196,7820947,1582140600000.0
117314213,7820948,1582163100000.0
117314263,7820951,1582209000000.0
117314301,7820954,1582171200000.0
117314315,7820955,1582211700000.0
117314316,7820955,1582137900000.0
117314339,7820956,1582205400000.0
117314349,7820957,1582208100000.0
117314629,7820976,1582163100000.0
117314712,7820981,1582156800000.0
117314716,7820982,1582163100000.0
117314740,7820983,1582200000000.0
117314781,7820986,1582168500000.0
117314811,7820988,1582128000000.0
117314867,7820992,1582160400000.0
117314912,7820995,1582201800000.0
117314950,7820997,1582145100000.0
117310057,7820671,1582161300000.0
117310198,7820680,1582146900000.0
117311166,7820745,1582132500000.0
117311202,7820747,1582160400000.0
117311633,7820776,1582194600000.0
117311678,7820779,1582156800000.0
117311690,7820780,1582155000000.0
117311714,7820781,1582192800000.0
117311726,7820782,1582138800000.0
117311936,7820796,1582207200000.0
117312046,7820804,1582211700000.0
117312047,7820804,1582151400000.0
117312149,7820810,1582150500000.0
117312377,7820826,1582168500000.0
117312522,7820835,1582157700000.0
117312588,7820840,1582157700000.0
117312600,7820840,1582140600000.0
117312643,7820843,1582128900000.0
117312668,7820845,1582201800000.0
117312690,7820846,1582166700000.0
117312949,7820864,1582130700000.0
117313773,7820919,1582154100000.0
117314294,7820953,1582168500000.0
117314968,7820998,1582185600000.0
117310038,7820670,1582134300000.0
117310349,7820690,1582175700000.0
117310355,7820691,1582195500000.0
117310456,7820698,1582181100000.0
117310693,7820713,1582182000000.0
117310986,7820733,1582153200000.0
117311218,7820748,1582141500000.0
117311235,7820749,1582129800000.0
117311252,7820751,1582180200000.0
117311305,7820754,1582170300000.0
117311662,7820778,1582200900000.0
117311873,7820792,1582166700000.0
117312479,7820832,1582153200000.0
117312784,7820853,1582167600000.0
117312946,7820864,1582157700000.0
117313363,7820891,1582149600000.0
117313470,7820898,1582177500000.0
117313995,7820933,1582164000000.0
117314127,7820942,1582145100000.0
117314392,7820960,1582158600000.0
117314425,7820962,1582163100000.0
117314797,7820987,1582160400000.0
117310029,7820669,1582191900000.0
117310419,7820695,1582185600000.0
117310421,7820695,1582213500000.0
117310464,7820698,1582164900000.0
117311042,7820737,1582184700000.0
117311161,7820745,1582132500000.0
117311340,7820756,1582132500000.0
117311474,7820765,1582169400000.0
117311601,7820774,1582172100000.0
117311675,7820779,1582169400000.0
117312184,7820813,1582182000000.0
117312601,7820841,1582176600000.0
117312680,7820846,1582179300000.0
117313180,7820879,1582152300000.0
117313340,7820890,1582152300000.0
117313435,7820896,1582176600000.0
117314024,7820935,1582152300000.0
117314177,7820946,1582200000000.0
117314255,7820951,1582166700000.0
117314453,7820964,1582132500000.0
117314680,7820979,1582180200000.0
117314911,7820995,1582141500000.0
117310958,7820731,1582152300000.0
117311083,7820739,1582141500000.0
117311594,7820773,1582168500000.0
117311990,7820800,1582153200000.0
117312029,7820802,1582200000000.0
117312107,7820808,1582154100000.0
117312417,7820828,1582179300000.0
117313146,7820877,1582166700000.0
117313159,7820878,1582173000000.0
117313458,7820898,1582209900000.0
117314144,7820943,1582150500000.0
117314577,7820972,1582139700000.0
117314606,7820974,1582129800000.0
117310396,7820694,1582213500000.0
117310557,7820704,1582209000000.0
117310573,7820705,1582192800000.0
117310923,7820729,1582200900000.0
117310963,7820731,1582188300000.0
117311320,7820755,1582145100000.0
117311361,7820758,1582203600000.0
117311392,7820760,1582160400000.0
117311697,7820780,1582169400000.0
117311831,7820789,1582150500000.0
117311984,7820799,1582137000000.0
117311988,7820800,1582164900000.0
117312109,7820808,1582131600000.0
117312786,7820853,1582150500000.0
117312891,7820860,1582212600000.0
117313020,7820868,1582135200000.0
117313078,7820872,1582185600000.0
117313085,7820873,1582182000000.0
117313096,7820874,1582204500000.0
117313313,7820888,1582173000000.0
117313539,7820903,1582158600000.0
117313584,7820906,1582164000000.0
117314331,7820956,1582129800000.0
117314387,7820960,1582144200000.0
117314396,7820960,1582203600000.0
117310009,7820668,1582182000000.0
117310032,7820669,1582169400000.0
117310103,7820674,1582146000000.0
117310579,7820706,1582174800000.0
117310742,7820717,1582170300000.0
117311074,7820739,1582174800000.0
117311081,7820739,1582195500000.0
117311232,7820749,1582168500000.0
117311682,7820779,1582136100000.0
117312234,7820816,1582198200000.0
117313281,7820886,1582167600000.0
117313566,7820905,1582197300000.0
117313722,7820915,1582210800000.0
117313841,7820923,1582142400000.0
117313852,7820924,1582206300000.0
117313957,7820931,1582173000000.0
117314704,7820981,1582151400000.0
117314831,7820989,1582168500000.0
117310049,7820670,1582200900000.0
117310197,7820680,1582160400000.0
117310315,7820688,1582208100000.0
117310316,7820688,1582160400000.0
117310322,7820689,1582177500000.0
117310383,7820693,1582210800000.0
117310401,7820694,1582207200000.0
117310427,7820696,1582201800000.0
117310471,7820699,1582213500000.0
117310966,7820732,1582182900000.0
117311003,7820734,1582206300000.0
117311263,7820751,1582158600000.0
117311316,7820755,1582207200000.0
117311324,7820755,1582158600000.0
117311355,7820757,1582131600000.0
117311407,7820761,1582152300000.0
117311419,7820762,1582141500000.0
117311569,7820772,1582154100000.0
117311582,7820773,1582201800000.0
117311637,7820776,1582191000000.0
117311651,7820777,1582195500000.0
117311860,7820791,1582151400000.0
117311897,7820794,1582134300000.0
117311921,7820795,1582129800000.0
117311972,7820799,1582164900000.0
117312082,7820806,1582191900000.0
117312112,7820808,1582172100000.0
117312119,7820808,1582135200000.0
117312141,7820810,1582208100000.0
117312201,7820814,1582146000000.0
117312225,7820815,1582158600000.0
117312242,7820817,1582182900000.0
117312252,7820817,1582165800000.0
117312258,7820818,1582202700000.0
117312281,7820819,1582181100000.0
117312296,7820820,1582203600000.0
117312341,7820823,1582171200000.0
117312526,7820836,1582160400000.0
117312805,7820854,1582138800000.0
117313079,7820872,1582155900000.0
117313135,7820876,1582137900000.0
117313447,7820897,1582200000000.0
117313448,7820897,1582152300000.0
117313453,7820897,1582212600000.0
117313536,7820903,1582180200000.0
117313705,7820914,1582209000000.0
117313711,7820915,1582191900000.0
117313811,7820921,1582202700000.0
117313975,7820932,1582137900000.0
117314007,7820934,1582138800000.0
117314033,7820936,1582209000000.0
117314052,7820937,1582191000000.0
117314126,7820942,1582157700000.0
117314129,7820942,1582137900000.0
117314146,7820944,1582173000000.0
117314154,7820944,1582203600000.0
117314241,7820950,1582203600000.0
117314285,7820953,1582155900000.0
117314304,7820954,1582140600000.0
117314366,7820958,1582128900000.0
117314372,7820959,1582173000000.0
117314408,7820961,1582192800000.0
117314417,7820962,1582190100000.0
117314440,7820963,1582137000000.0
117314456,7820964,1582146900000.0
117314480,7820966,1582174800000.0
117314646,7820977,1582148700000.0
117314664,7820978,1582151400000.0
117314755,7820984,1582158600000.0
117314760,7820984,1582194600000.0
117314761,7820985,1582152300000.0
117314783,7820986,1582172100000.0
117314789,7820986,1582191000000.0
117314835,7820989,1582181100000.0
117314844,7820990,1582146000000.0
117314893,7820993,1582173900000.0
117314919,7820995,1582166700000.0
117314926,7820996,1582142400000.0
117310068,7820672,1582134300000.0
117310090,7820673,1582213500000.0
117310153,7820677,1582190100000.0
117310273,7820685,1582210800000.0
117310527,7820702,1582191000000.0
117310559,7820704,1582178400000.0
117310595,7820707,1582171200000.0
117310654,7820711,1582185600000.0
117310728,7820716,1582170300000.0
117310831,7820723,1582160400000.0
117310942,7820730,1582203600000.0
117310995,7820733,1582155900000.0
117310998,7820734,1582146000000.0
117311004,7820734,1582200900000.0
117311022,7820735,1582129800000.0
117311059,7820738,1582128000000.0
117311144,7820743,1582134300000.0
117311184,7820746,1582128900000.0
117311212,7820748,1582167600000.0
117311307,7820754,1582141500000.0
117311631,7820776,1582153200000.0
117311809,7820788,1582210800000.0
117311918,7820795,1582179300000.0
117312015,7820801,1582203600000.0
117312071,7820805,1582134300000.0
117312144,7820810,1582134300000.0
117312146,7820810,1582157700000.0
117312205,7820814,1582183800000.0
117312361,7820825,1582156800000.0
117312407,7820828,1582153200000.0
117312469,7820832,1582159500000.0
117312490,7820833,1582173000000.0
117312519,7820835,1582177500000.0
117312520,7820835,1582133400000.0
117312694,7820847,1582192800000.0
117312761,7820851,1582133400000.0
117312990,7820866,1582200900000.0
117312993,7820867,1582195500000.0
117313010,7820868,1582129800000.0
117313305,7820887,1582208100000.0
117313402,7820894,1582212600000.0
117313562,7820905,1582144200000.0
117313616,7820908,1582196400000.0
117313786,7820920,1582151400000.0
117313946,7820930,1582186500000.0
117313985,7820933,1582200000000.0
117314099,7820940,1582137900000.0
117314133,7820943,1582197300000.0
117314139,7820943,1582141500000.0
117314415,7820961,1582163100000.0
117314750,7820984,1582152300000.0
117314894,7820993,1582180200000.0
117314918,7820995,1582210800000.0
117314920,7820995,1582137900000.0
117310115,7820675,1582185600000.0
117310129,7820676,1582161300000.0
117310232,7820683,1582164900000.0
117310357,7820691,1582161300000.0
117310375,7820692,1582145100000.0
117310402,7820694,1582191900000.0
117310411,7820695,1582155900000.0
117310431,7820696,1582200900000.0
117310433,7820696,1582203600000.0
117310585,7820706,1582197300000.0
117310640,7820710,1582204500000.0
117310705,7820714,1582153200000.0
117311147,7820744,1582213500000.0
117311207,7820748,1582129800000.0
117311217,7820748,1582209000000.0
117311366,7820758,1582196400000.0
117311393,7820760,1582151400000.0
117311511,7820768,1582196400000.0
117311539,7820770,1582135200000.0
117311686,7820780,1582142400000.0
117311806,7820788,1582170300000.0
117311858,7820791,1582171200000.0
117311882,7820793,1582142400000.0
117311935,7820796,1582133400000.0
117312022,7820802,1582194600000.0
117312116,7820808,1582169400000.0
117312121,7820809,1582213500000.0
117312183,7820813,1582151400000.0
117312286,7820820,1582203600000.0
117312301,7820821,1582171200000.0
117312315,7820821,1582171200000.0
117312509,7820834,1582154100000.0
117312873,7820859,1582199100000.0
117312933,7820863,1582204500000.0
117313164,7820878,1582174800000.0
117313207,7820881,1582140600000.0
117313438,7820896,1582130700000.0
117313793,7820920,1582158600000.0
117313865,7820925,1582141500000.0
117313926,7820929,1582166700000.0
117314006,7820934,1582204500000.0
117314036,7820936,1582146000000.0
117314141,7820943,1582134300000.0
117314174,7820945,1582195500000.0
117314249,7820950,1582168500000.0
117314270,7820952,1582203600000.0
117314616,7820975,1582129800000.0
117314736,7820983,1582166700000.0
117314742,7820983,1582169400000.0
117314788,7820986,1582143300000.0
117314863,7820991,1582153200000.0
117314986,7821000,1582138800000.0
117310044,7820670,1582182900000.0
117310501,7820701,1582196400000.0
117310587,7820706,1582168500000.0
117311020,7820735,1582145100000.0
117311448,7820764,1582194600000.0
117312021,7820802,1582173000000.0
117312337,7820823,1582158600000.0
117312717,7820848,1582140600000.0
117312918,7820862,1582191000000.0
117313254,7820884,1582178400000.0
117313513,7820901,1582140600000.0
117313659,7820911,1582133400000.0
117313736,7820916,1582128900000.0
117313758,7820918,1582134300000.0
117314184,7820946,1582149600000.0
117310686,7820713,1582177500000.0
117310927,7820729,1582146000000.0
117311318,7820755,1582169400000.0
117311450,7820764,1582163100000.0
117311585,7820773,1582185600000.0
117311852,7820791,1582189200000.0
117312213,7820815,1582139700000.0
117312531,7820836,1582145100000.0
117312696,7820847,1582191900000.0
117312844,7820857,1582176600000.0
117313314,7820888,1582193700000.0
117313485,7820899,1582211700000.0
117314352,7820957,1582197300000.0
117314405,7820961,1582213500000.0
117314589,7820973,1582176600000.0
117310324,7820689,1582135200000.0
117310788,7820720,1582176600000.0
117310971,7820732,1582158600000.0
117310994,7820733,1582129800000.0
117311611,7820775,1582133400000.0
117311817,7820788,1582202700000.0
117312379,7820826,1582186500000.0
117312555,7820837,1582204500000.0
117312983,7820866,1582165800000.0
117313388,7820893,1582188300000.0
117313443,7820897,1582186500000.0
117313553,7820904,1582128000000.0
117314541,7820970,1582143300000.0
117314901,7820994,1582172100000.0
117310238,7820683,1582161300000.0
117310786,7820720,1582144200000.0
117310916,7820728,1582206300000.0
117311533,7820769,1582170300000.0
117311537,7820770,1582179300000.0
117312020,7820802,1582200000000.0
117313290,7820886,1582149600000.0
117313563,7820905,1582199100000.0
117314042,7820937,1582208100000.0
117314252,7820951,1582167600000.0
117314768,7820985,1582209900000.0
117310085,7820673,1582131600000.0
117310386,7820693,1582207200000.0
117310611,7820708,1582176600000.0
117310612,7820708,1582207200000.0
117310972,7820732,1582171200000.0
117311002,7820734,1582212600000.0
117311149,7820744,1582179300000.0
117311183,7820746,1582196400000.0
117311400,7820760,1582187400000.0
117311734,7820783,1582144200000.0
117311886,7820793,1582191900000.0
117311954,7820797,1582182900000.0
117312204,7820814,1582208100000.0
117312254,7820817,1582211700000.0
117312453,7820831,1582161300000.0
117313031,7820869,1582197300000.0
117313250,7820884,1582133400000.0
117313687,7820913,1582182900000.0
117313903,7820927,1582128000000.0
117314101,7820941,1582195500000.0
117314245,7820950,1582153200000.0
117310519,7820702,1582162200000.0
117310593,7820707,1582204500000.0
117310678,7820712,1582192800000.0
117311964,7820798,1582155900000.0
117313394,7820893,1582152300000.0
117314104,7820941,1582193700000.0
117314108,7820941,1582169400000.0
117314225,7820949,1582137900000.0
117314759,7820984,1582180200000.0
117314770,7820985,1582151400000.0
117314832,7820989,1582145100000.0
117310216,7820682,1582167600000.0
117310242,7820683,1582183800000.0
117310295,7820687,1582149600000.0
117310311,7820688,1582164000000.0
117310480,7820699,1582206300000.0
117310802,7820721,1582147800000.0
117310823,7820722,1582173000000.0
117310887,7820726,1582213500000.0
117311075,7820739,1582199100000.0
117311304,7820754,1582161300000.0
117311433,7820763,1582190100000.0
117311468,7820765,1582130700000.0
117311657,7820778,1582191900000.0
117311745,7820783,1582150500000.0
117311948,7820797,1582145100000.0
117312009,7820801,1582184700000.0
117312623,7820842,1582180200000.0
117312732,7820849,1582187400000.0
117312733,7820849,1582164000000.0
117313464,7820898,1582173900000.0
117313508,7820901,1582185600000.0
117313554,7820904,1582189200000.0
117313859,7820924,1582179300000.0
117314218,7820948,1582205400000.0
117314297,7820954,1582170300000.0
117314382,7820959,1582135200000.0
117314845,7820990,1582155900000.0
117314857,7820991,1582128000000.0
117314876,7820992,1582156800000.0
117310122,7820675,1582165800000.0
117310245,7820683,1582143300000.0
117310862,7820725,1582168500000.0
117311054,7820737,1582181100000.0
117311961,7820798,1582208100000.0
117311967,7820798,1582134300000.0
117312182,7820813,1582149600000.0
117312432,7820829,1582173900000.0
117312731,7820849,1582176600000.0
117312781,7820853,1582165800000.0
117313177,7820879,1582169400000.0
117313930,7820929,1582136100000.0
117314927,7820996,1582139700000.0
117310190,7820680,1582197300000.0
117310191,7820680,1582143300000.0
117310220,7820682,1582164000000.0
117310230,7820682,1582170300000.0
117310395,7820693,1582152300000.0
117310776,7820719,1582191000000.0
117310821,7820722,1582146900000.0
117311045,7820737,1582193700000.0
117311238,7820750,1582182000000.0
117311346,7820757,1582158600000.0
117311467,7820765,1582139700000.0
117311542,7820770,1582209900000.0
117312014,7820801,1582150500000.0
117312206,7820814,1582136100000.0
117312409,7820828,1582159500000.0
117312575,7820839,1582151400000.0
117312774,7820852,1582183800000.0
117312839,7820856,1582160400000.0
117312849,7820857,1582171200000.0
117312978,7820866,1582201800000.0
117313061,7820871,1582185600000.0
117313068,7820872,1582146000000.0
117313110,7820874,1582175700000.0
117313156,7820878,1582152300000.0
117313214,7820881,1582182900000.0
117313296,7820887,1582144200000.0
117313601,7820907,1582132500000.0
117313795,7820920,1582196400000.0
117313878,7820926,1582154100000.0
117314116,7820942,1582163100000.0
117314204,7820947,1582183800000.0
117314226,7820949,1582190100000.0
117314254,7820951,1582185600000.0
117314381,7820959,1582181100000.0
117314551,7820971,1582151400000.0
117314694,7820980,1582202700000.0
117314856,7820991,1582164900000.0
117310820,7820722,1582152300000.0
117310839,7820723,1582138800000.0
117311069,7820738,1582143300000.0
117311259,7820751,1582135200000.0
117311653,7820777,1582152300000.0
117311672,7820779,1582157700000.0
117311747,7820784,1582211700000.0
117311864,7820791,1582203600000.0
117311947,7820797,1582135200000.0
117312035,7820803,1582177500000.0
117312111,7820808,1582181100000.0
117312171,7820812,1582173000000.0
117312429,7820829,1582152300000.0
117312669,7820845,1582149600000.0
117312682,7820846,1582185600000.0
117312718,7820848,1582170300000.0
117312945,7820863,1582191000000.0
117313196,7820880,1582188300000.0
117313415,7820895,1582195500000.0
117313575,7820905,1582191900000.0
117313630,7820909,1582184700000.0
117313868,7820925,1582153200000.0
117313881,7820926,1582184700000.0
117313955,7820931,1582136100000.0
117314014,7820935,1582154100000.0
117314058,7820938,1582193700000.0
117314343,7820957,1582208100000.0
117314779,7820986,1582210800000.0
117314827,7820989,1582162200000.0
117310046,7820670,1582130700000.0
117310149,7820677,1582179300000.0
117310210,7820681,1582191900000.0
117310358,7820691,1582191900000.0
117310952,7820731,1582213500000.0
117311364,7820758,1582191000000.0
117311383,7820759,1582184700000.0
117312033,7820803,1582155000000.0
117312043,7820803,1582194600000.0
117312122,7820809,1582213500000.0
117312123,7820809,1582183800000.0
117312595,7820840,1582190100000.0
117312687,7820846,1582128900000.0
117312740,7820850,1582201800000.0
117312807,7820854,1582165800000.0
117312859,7820858,1582153200000.0
117312920,7820862,1582143300000.0
117312947,7820864,1582146000000.0
117313200,7820880,1582139700000.0
117313270,7820885,1582195500000.0
117313476,7820899,1582180200000.0
117313478,7820899,1582159500000.0
117313911,7820928,1582137900000.0
117314445,7820963,1582136100000.0
117314838,7820990,1582200900000.0
117310112,7820675,1582173900000.0
117310139,7820676,1582201800000.0
117310145,7820677,1582144200000.0
117310165,7820678,1582171200000.0
117310179,7820679,1582209000000.0
117310381,7820693,1582132500000.0
117310403,7820694,1582198200000.0
117310418,7820695,1582149600000.0
117310518,7820702,1582135200000.0
117310550,7820704,1582161300000.0
117310563,7820705,1582176600000.0
117310641,7820710,1582167600000.0
117310682,7820713,1582161300000.0
117310685,7820713,1582192800000.0
117310721,7820715,1582132500000.0
117310769,7820718,1582145100000.0
117310787,7820720,1582147800000.0
117310800,7820720,1582148700000.0
117310925,7820729,1582136100000.0
117311061,7820738,1582160400000.0
